The system is: Linux - 2.6.32-71.el6.x86_64 - x86_64
Compiling the C compiler identification source file "CMakeCCompilerId.c" succeeded.
Compiler: /usr/bin/cc 
Build flags: 
Id flags: 

The output was:
0


Compilation of the C compiler identification source "CMakeCCompilerId.c" produced "a.out"

The C compiler identification is GNU, found in "/mnt/share/StreamMedia/src/crtmpserver/trunk-811/trunk/builders/cmake/CMakeFiles/2.8.10.2/CompilerIdC/a.out"

Compiling the CXX compiler identification source file "CMakeCXXCompilerId.cpp" succeeded.
Compiler: /usr/bin/c++ 
Build flags: 
Id flags: 

The output was:
0


Compilation of the CXX compiler identification source "CMakeCXXCompilerId.cpp" produced "a.out"

The CXX compiler identification is GNU, found in "/mnt/share/StreamMedia/src/crtmpserver/trunk-811/trunk/builders/cmake/CMakeFiles/2.8.10.2/CompilerIdCXX/a.out"

Determining if the C compiler works passed with the following output:
Change Dir: /mnt/share/StreamMedia/src/crtmpserver/trunk-811/trunk/builders/cmake/CMakeFiles/CMakeTmp

Run Build Command:/usr/bin/gmake "cmTryCompileExec2547494702/fast"
/usr/bin/gmake -f CMakeFiles/cmTryCompileExec2547494702.dir/build.make CMakeFiles/cmTryCompileExec2547494702.dir/build
gmake[1]: Entering directory `/mnt/share/StreamMedia/src/crtmpserver/trunk-811/trunk/builders/cmake/CMakeFiles/CMakeTmp'
/usr/local/bin/cmake -E cmake_progress_report /mnt/share/StreamMedia/src/crtmpserver/trunk-811/trunk/builders/cmake/CMakeFiles/CMakeTmp/CMakeFiles 1
Building C object CMakeFiles/cmTryCompileExec2547494702.dir/testCCompiler.c.o
/usr/bin/cc    -o CMakeFiles/cmTryCompileExec2547494702.dir/testCCompiler.c.o   -c /mnt/share/StreamMedia/src/crtmpserver/trunk-811/trunk/builders/cmake/CMakeFiles/CMakeTmp/testCCompiler.c
Linking C executable cmTryCompileExec2547494702
/usr/local/bin/cmake -E cmake_link_script CMakeFiles/cmTryCompileExec2547494702.dir/link.txt --verbose=1
/usr/bin/cc         CMakeFiles/cmTryCompileExec2547494702.dir/testCCompiler.c.o  -o cmTryCompileExec2547494702 -rdynamic 
gmake[1]: Leaving directory `/mnt/share/StreamMedia/src/crtmpserver/trunk-811/trunk/builders/cmake/CMakeFiles/CMakeTmp'


Detecting C compiler ABI info compiled with the following output:
Change Dir: /mnt/share/StreamMedia/src/crtmpserver/trunk-811/trunk/builders/cmake/CMakeFiles/CMakeTmp

Run Build Command:/usr/bin/gmake "cmTryCompileExec3341225547/fast"
/usr/bin/gmake -f CMakeFiles/cmTryCompileExec3341225547.dir/build.make CMakeFiles/cmTryCompileExec3341225547.dir/build
gmake[1]: Entering directory `/mnt/share/StreamMedia/src/crtmpserver/trunk-811/trunk/builders/cmake/CMakeFiles/CMakeTmp'
/usr/local/bin/cmake -E cmake_progress_report /mnt/share/StreamMedia/src/crtmpserver/trunk-811/trunk/builders/cmake/CMakeFiles/CMakeTmp/CMakeFiles 1
Building C object CMakeFiles/cmTryCompileExec3341225547.dir/CMakeCCompilerABI.c.o
/usr/bin/cc    -o CMakeFiles/cmTryCompileExec3341225547.dir/CMakeCCompilerABI.c.o   -c /usr/local/share/cmake-2.8/Modules/CMakeCCompilerABI.c
Linking C executable cmTryCompileExec3341225547
/usr/local/bin/cmake -E cmake_link_script CMakeFiles/cmTryCompileExec3341225547.dir/link.txt --verbose=1
/usr/bin/cc       -v CMakeFiles/cmTryCompileExec3341225547.dir/CMakeCCompilerABI.c.o  -o cmTryCompileExec3341225547 -rdynamic  
使用内建 specs。
目标：x86_64-redhat-linux
配置为：../configure --prefix=/usr --mandir=/usr/share/man --infodir=/usr/share/info --with-bugurl=http://bugzilla.redhat.com/bugzilla --enable-bootstrap --enable-shared --enable-threads=posix --enable-checking=release --with-system-zlib --enable-__cxa_atexit --disable-libunwind-exceptions --enable-gnu-unique-object --enable-languages=c,c++,objc,obj-c++,java,fortran,ada --enable-java-awt=gtk --disable-dssi --with-java-home=/usr/lib/jvm/java-1.5.0-gcj-1.5.0.0/jre --enable-libgcj-multifile --enable-java-maintainer-mode --with-ecj-jar=/usr/share/java/eclipse-ecj.jar --disable-libjava-multilib --with-ppl --with-cloog --with-tune=generic --with-arch_32=i686 --build=x86_64-redhat-linux
线程模型：posix
gcc 版本 4.4.4 20100726 (Red Hat 4.4.4-13) (GCC) 
COMPILER_PATH=/usr/libexec/gcc/x86_64-redhat-linux/4.4.4/:/usr/libexec/gcc/x86_64-redhat-linux/4.4.4/:/usr/libexec/gcc/x86_64-redhat-linux/:/usr/lib/gcc/x86_64-redhat-linux/4.4.4/:/usr/lib/gcc/x86_64-redhat-linux/:/usr/libexec/gcc/x86_64-redhat-linux/4.4.4/:/usr/libexec/gcc/x86_64-redhat-linux/:/usr/lib/gcc/x86_64-redhat-linux/4.4.4/:/usr/lib/gcc/x86_64-redhat-linux/
LIBRARY_PATH=/usr/lib/gcc/x86_64-redhat-linux/4.4.4/:/usr/lib/gcc/x86_64-redhat-linux/4.4.4/:/usr/lib/gcc/x86_64-redhat-linux/4.4.4/../../../../lib64/:/lib/../lib64/:/usr/lib/../lib64/:/usr/lib/gcc/x86_64-redhat-linux/4.4.4/../../../:/lib/:/usr/lib/
COLLECT_GCC_OPTIONS='-v' '-o' 'cmTryCompileExec3341225547' '-rdynamic' '-mtune=generic'
 /usr/libexec/gcc/x86_64-redhat-linux/4.4.4/collect2 --eh-frame-hdr --build-id -m elf_x86_64 --hash-style=gnu -export-dynamic -dynamic-linker /lib64/ld-linux-x86-64.so.2 -o cmTryCompileExec3341225547 /usr/lib/gcc/x86_64-redhat-linux/4.4.4/../../../../lib64/crt1.o /usr/lib/gcc/x86_64-redhat-linux/4.4.4/../../../../lib64/crti.o /usr/lib/gcc/x86_64-redhat-linux/4.4.4/crtbegin.o -L/usr/lib/gcc/x86_64-redhat-linux/4.4.4 -L/usr/lib/gcc/x86_64-redhat-linux/4.4.4 -L/usr/lib/gcc/x86_64-redhat-linux/4.4.4/../../../../lib64 -L/lib/../lib64 -L/usr/lib/../lib64 -L/usr/lib/gcc/x86_64-redhat-linux/4.4.4/../../.. CMakeFiles/cmTryCompileExec3341225547.dir/CMakeCCompilerABI.c.o -lgcc --as-needed -lgcc_s --no-as-needed -lc -lgcc --as-needed -lgcc_s --no-as-needed /usr/lib/gcc/x86_64-redhat-linux/4.4.4/crtend.o /usr/lib/gcc/x86_64-redhat-linux/4.4.4/../../../../lib64/crtn.o
gmake[1]: Leaving directory `/mnt/share/StreamMedia/src/crtmpserver/trunk-811/trunk/builders/cmake/CMakeFiles/CMakeTmp'


Parsed C implicit link information from above output:
  link line regex: [^( *|.*[/\])(ld|ld|collect2)[^/\]*( |$)]
  ignore line: [Change Dir: /mnt/share/StreamMedia/src/crtmpserver/trunk-811/trunk/builders/cmake/CMakeFiles/CMakeTmp]
  ignore line: []
  ignore line: [Run Build Command:/usr/bin/gmake "cmTryCompileExec3341225547/fast"]
  ignore line: [/usr/bin/gmake -f CMakeFiles/cmTryCompileExec3341225547.dir/build.make CMakeFiles/cmTryCompileExec3341225547.dir/build]
  ignore line: [gmake[1]: Entering directory `/mnt/share/StreamMedia/src/crtmpserver/trunk-811/trunk/builders/cmake/CMakeFiles/CMakeTmp']
  ignore line: [/usr/local/bin/cmake -E cmake_progress_report /mnt/share/StreamMedia/src/crtmpserver/trunk-811/trunk/builders/cmake/CMakeFiles/CMakeTmp/CMakeFiles 1]
  ignore line: [Building C object CMakeFiles/cmTryCompileExec3341225547.dir/CMakeCCompilerABI.c.o]
  ignore line: [/usr/bin/cc    -o CMakeFiles/cmTryCompileExec3341225547.dir/CMakeCCompilerABI.c.o   -c /usr/local/share/cmake-2.8/Modules/CMakeCCompilerABI.c]
  ignore line: [Linking C executable cmTryCompileExec3341225547]
  ignore line: [/usr/local/bin/cmake -E cmake_link_script CMakeFiles/cmTryCompileExec3341225547.dir/link.txt --verbose=1]
  ignore line: [/usr/bin/cc       -v CMakeFiles/cmTryCompileExec3341225547.dir/CMakeCCompilerABI.c.o  -o cmTryCompileExec3341225547 -rdynamic  ]
  ignore line: [使用内建 specs。]
  ignore line: [目标：x86_64-redhat-linux]
  ignore line: [配置为：../configure --prefix=/usr --mandir=/usr/share/man --infodir=/usr/share/info --with-bugurl=http://bugzilla.redhat.com/bugzilla --enable-bootstrap --enable-shared --enable-threads=posix --enable-checking=release --with-system-zlib --enable-__cxa_atexit --disable-libunwind-exceptions --enable-gnu-unique-object --enable-languages=c,c++,objc,obj-c++,java,fortran,ada --enable-java-awt=gtk --disable-dssi --with-java-home=/usr/lib/jvm/java-1.5.0-gcj-1.5.0.0/jre --enable-libgcj-multifile --enable-java-maintainer-mode --with-ecj-jar=/usr/share/java/eclipse-ecj.jar --disable-libjava-multilib --with-ppl --with-cloog --with-tune=generic --with-arch_32=i686 --build=x86_64-redhat-linux]
  ignore line: [线程模型：posix]
  ignore line: [gcc 版本 4.4.4 20100726 (Red Hat 4.4.4-13) (GCC) ]
  ignore line: [COMPILER_PATH=/usr/libexec/gcc/x86_64-redhat-linux/4.4.4/:/usr/libexec/gcc/x86_64-redhat-linux/4.4.4/:/usr/libexec/gcc/x86_64-redhat-linux/:/usr/lib/gcc/x86_64-redhat-linux/4.4.4/:/usr/lib/gcc/x86_64-redhat-linux/:/usr/libexec/gcc/x86_64-redhat-linux/4.4.4/:/usr/libexec/gcc/x86_64-redhat-linux/:/usr/lib/gcc/x86_64-redhat-linux/4.4.4/:/usr/lib/gcc/x86_64-redhat-linux/]
  ignore line: [LIBRARY_PATH=/usr/lib/gcc/x86_64-redhat-linux/4.4.4/:/usr/lib/gcc/x86_64-redhat-linux/4.4.4/:/usr/lib/gcc/x86_64-redhat-linux/4.4.4/../../../../lib64/:/lib/../lib64/:/usr/lib/../lib64/:/usr/lib/gcc/x86_64-redhat-linux/4.4.4/../../../:/lib/:/usr/lib/]
  ignore line: [COLLECT_GCC_OPTIONS='-v' '-o' 'cmTryCompileExec3341225547' '-rdynamic' '-mtune=generic']
  link line: [ /usr/libexec/gcc/x86_64-redhat-linux/4.4.4/collect2 --eh-frame-hdr --build-id -m elf_x86_64 --hash-style=gnu -export-dynamic -dynamic-linker /lib64/ld-linux-x86-64.so.2 -o cmTryCompileExec3341225547 /usr/lib/gcc/x86_64-redhat-linux/4.4.4/../../../../lib64/crt1.o /usr/lib/gcc/x86_64-redhat-linux/4.4.4/../../../../lib64/crti.o /usr/lib/gcc/x86_64-redhat-linux/4.4.4/crtbegin.o -L/usr/lib/gcc/x86_64-redhat-linux/4.4.4 -L/usr/lib/gcc/x86_64-redhat-linux/4.4.4 -L/usr/lib/gcc/x86_64-redhat-linux/4.4.4/../../../../lib64 -L/lib/../lib64 -L/usr/lib/../lib64 -L/usr/lib/gcc/x86_64-redhat-linux/4.4.4/../../.. CMakeFiles/cmTryCompileExec3341225547.dir/CMakeCCompilerABI.c.o -lgcc --as-needed -lgcc_s --no-as-needed -lc -lgcc --as-needed -lgcc_s --no-as-needed /usr/lib/gcc/x86_64-redhat-linux/4.4.4/crtend.o /usr/lib/gcc/x86_64-redhat-linux/4.4.4/../../../../lib64/crtn.o]
    arg [/usr/libexec/gcc/x86_64-redhat-linux/4.4.4/collect2] ==> ignore
    arg [--eh-frame-hdr] ==> ignore
    arg [--build-id] ==> ignore
    arg [-m] ==> ignore
    arg [elf_x86_64] ==> ignore
    arg [--hash-style=gnu] ==> ignore
    arg [-export-dynamic] ==> ignore
    arg [-dynamic-linker] ==> ignore
    arg [/lib64/ld-linux-x86-64.so.2] ==> ignore
    arg [-o] ==> ignore
    arg [cmTryCompileExec3341225547] ==> ignore
    arg [/usr/lib/gcc/x86_64-redhat-linux/4.4.4/../../../../lib64/crt1.o] ==> ignore
    arg [/usr/lib/gcc/x86_64-redhat-linux/4.4.4/../../../../lib64/crti.o] ==> ignore
    arg [/usr/lib/gcc/x86_64-redhat-linux/4.4.4/crtbegin.o] ==> ignore
    arg [-L/usr/lib/gcc/x86_64-redhat-linux/4.4.4] ==> dir [/usr/lib/gcc/x86_64-redhat-linux/4.4.4]
    arg [-L/usr/lib/gcc/x86_64-redhat-linux/4.4.4] ==> dir [/usr/lib/gcc/x86_64-redhat-linux/4.4.4]
    arg [-L/usr/lib/gcc/x86_64-redhat-linux/4.4.4/../../../../lib64] ==> dir [/usr/lib/gcc/x86_64-redhat-linux/4.4.4/../../../../lib64]
    arg [-L/lib/../lib64] ==> dir [/lib/../lib64]
    arg [-L/usr/lib/../lib64] ==> dir [/usr/lib/../lib64]
    arg [-L/usr/lib/gcc/x86_64-redhat-linux/4.4.4/../../..] ==> dir [/usr/lib/gcc/x86_64-redhat-linux/4.4.4/../../..]
    arg [CMakeFiles/cmTryCompileExec3341225547.dir/CMakeCCompilerABI.c.o] ==> ignore
    arg [-lgcc] ==> lib [gcc]
    arg [--as-needed] ==> ignore
    arg [-lgcc_s] ==> lib [gcc_s]
    arg [--no-as-needed] ==> ignore
    arg [-lc] ==> lib [c]
    arg [-lgcc] ==> lib [gcc]
    arg [--as-needed] ==> ignore
    arg [-lgcc_s] ==> lib [gcc_s]
    arg [--no-as-needed] ==> ignore
    arg [/usr/lib/gcc/x86_64-redhat-linux/4.4.4/crtend.o] ==> ignore
    arg [/usr/lib/gcc/x86_64-redhat-linux/4.4.4/../../../../lib64/crtn.o] ==> ignore
  remove lib [gcc]
  remove lib [gcc_s]
  remove lib [gcc]
  remove lib [gcc_s]
  collapse dir [/usr/lib/gcc/x86_64-redhat-linux/4.4.4] ==> [/usr/lib/gcc/x86_64-redhat-linux/4.4.4]
  collapse dir [/usr/lib/gcc/x86_64-redhat-linux/4.4.4] ==> [/usr/lib/gcc/x86_64-redhat-linux/4.4.4]
  collapse dir [/usr/lib/gcc/x86_64-redhat-linux/4.4.4/../../../../lib64] ==> [/usr/lib64]
  collapse dir [/lib/../lib64] ==> [/lib64]
  collapse dir [/usr/lib/../lib64] ==> [/usr/lib64]
  collapse dir [/usr/lib/gcc/x86_64-redhat-linux/4.4.4/../../..] ==> [/usr/lib]
  implicit libs: [c]
  implicit dirs: [/usr/lib/gcc/x86_64-redhat-linux/4.4.4;/usr/lib64;/lib64;/usr/lib]


Determining if the CXX compiler works passed with the following output:
Change Dir: /mnt/share/StreamMedia/src/crtmpserver/trunk-811/trunk/builders/cmake/CMakeFiles/CMakeTmp

Run Build Command:/usr/bin/gmake "cmTryCompileExec3811230702/fast"
/usr/bin/gmake -f CMakeFiles/cmTryCompileExec3811230702.dir/build.make CMakeFiles/cmTryCompileExec3811230702.dir/build
gmake[1]: Entering directory `/mnt/share/StreamMedia/src/crtmpserver/trunk-811/trunk/builders/cmake/CMakeFiles/CMakeTmp'
/usr/local/bin/cmake -E cmake_progress_report /mnt/share/StreamMedia/src/crtmpserver/trunk-811/trunk/builders/cmake/CMakeFiles/CMakeTmp/CMakeFiles 1
Building CXX object CMakeFiles/cmTryCompileExec3811230702.dir/testCXXCompiler.cxx.o
/usr/bin/c++     -o CMakeFiles/cmTryCompileExec3811230702.dir/testCXXCompiler.cxx.o -c /mnt/share/StreamMedia/src/crtmpserver/trunk-811/trunk/builders/cmake/CMakeFiles/CMakeTmp/testCXXCompiler.cxx
Linking CXX executable cmTryCompileExec3811230702
/usr/local/bin/cmake -E cmake_link_script CMakeFiles/cmTryCompileExec3811230702.dir/link.txt --verbose=1
/usr/bin/c++          CMakeFiles/cmTryCompileExec3811230702.dir/testCXXCompiler.cxx.o  -o cmTryCompileExec3811230702 -rdynamic 
gmake[1]: Leaving directory `/mnt/share/StreamMedia/src/crtmpserver/trunk-811/trunk/builders/cmake/CMakeFiles/CMakeTmp'


Detecting CXX compiler ABI info compiled with the following output:
Change Dir: /mnt/share/StreamMedia/src/crtmpserver/trunk-811/trunk/builders/cmake/CMakeFiles/CMakeTmp

Run Build Command:/usr/bin/gmake "cmTryCompileExec3675946949/fast"
/usr/bin/gmake -f CMakeFiles/cmTryCompileExec3675946949.dir/build.make CMakeFiles/cmTryCompileExec3675946949.dir/build
gmake[1]: Entering directory `/mnt/share/StreamMedia/src/crtmpserver/trunk-811/trunk/builders/cmake/CMakeFiles/CMakeTmp'
/usr/local/bin/cmake -E cmake_progress_report /mnt/share/StreamMedia/src/crtmpserver/trunk-811/trunk/builders/cmake/CMakeFiles/CMakeTmp/CMakeFiles 1
Building CXX object CMakeFiles/cmTryCompileExec3675946949.dir/CMakeCXXCompilerABI.cpp.o
/usr/bin/c++     -o CMakeFiles/cmTryCompileExec3675946949.dir/CMakeCXXCompilerABI.cpp.o -c /usr/local/share/cmake-2.8/Modules/CMakeCXXCompilerABI.cpp
Linking CXX executable cmTryCompileExec3675946949
/usr/local/bin/cmake -E cmake_link_script CMakeFiles/cmTryCompileExec3675946949.dir/link.txt --verbose=1
/usr/bin/c++        -v CMakeFiles/cmTryCompileExec3675946949.dir/CMakeCXXCompilerABI.cpp.o  -o cmTryCompileExec3675946949 -rdynamic  
使用内建 specs。
目标：x86_64-redhat-linux
配置为：../configure --prefix=/usr --mandir=/usr/share/man --infodir=/usr/share/info --with-bugurl=http://bugzilla.redhat.com/bugzilla --enable-bootstrap --enable-shared --enable-threads=posix --enable-checking=release --with-system-zlib --enable-__cxa_atexit --disable-libunwind-exceptions --enable-gnu-unique-object --enable-languages=c,c++,objc,obj-c++,java,fortran,ada --enable-java-awt=gtk --disable-dssi --with-java-home=/usr/lib/jvm/java-1.5.0-gcj-1.5.0.0/jre --enable-libgcj-multifile --enable-java-maintainer-mode --with-ecj-jar=/usr/share/java/eclipse-ecj.jar --disable-libjava-multilib --with-ppl --with-cloog --with-tune=generic --with-arch_32=i686 --build=x86_64-redhat-linux
线程模型：posix
gcc 版本 4.4.4 20100726 (Red Hat 4.4.4-13) (GCC) 
COMPILER_PATH=/usr/libexec/gcc/x86_64-redhat-linux/4.4.4/:/usr/libexec/gcc/x86_64-redhat-linux/4.4.4/:/usr/libexec/gcc/x86_64-redhat-linux/:/usr/lib/gcc/x86_64-redhat-linux/4.4.4/:/usr/lib/gcc/x86_64-redhat-linux/:/usr/libexec/gcc/x86_64-redhat-linux/4.4.4/:/usr/libexec/gcc/x86_64-redhat-linux/:/usr/lib/gcc/x86_64-redhat-linux/4.4.4/:/usr/lib/gcc/x86_64-redhat-linux/
LIBRARY_PATH=/usr/lib/gcc/x86_64-redhat-linux/4.4.4/:/usr/lib/gcc/x86_64-redhat-linux/4.4.4/:/usr/lib/gcc/x86_64-redhat-linux/4.4.4/../../../../lib64/:/lib/../lib64/:/usr/lib/../lib64/:/usr/lib/gcc/x86_64-redhat-linux/4.4.4/../../../:/lib/:/usr/lib/
COLLECT_GCC_OPTIONS='-v' '-o' 'cmTryCompileExec3675946949' '-rdynamic' '-shared-libgcc' '-mtune=generic'
 /usr/libexec/gcc/x86_64-redhat-linux/4.4.4/collect2 --eh-frame-hdr --build-id -m elf_x86_64 --hash-style=gnu -export-dynamic -dynamic-linker /lib64/ld-linux-x86-64.so.2 -o cmTryCompileExec3675946949 /usr/lib/gcc/x86_64-redhat-linux/4.4.4/../../../../lib64/crt1.o /usr/lib/gcc/x86_64-redhat-linux/4.4.4/../../../../lib64/crti.o /usr/lib/gcc/x86_64-redhat-linux/4.4.4/crtbegin.o -L/usr/lib/gcc/x86_64-redhat-linux/4.4.4 -L/usr/lib/gcc/x86_64-redhat-linux/4.4.4 -L/usr/lib/gcc/x86_64-redhat-linux/4.4.4/../../../../lib64 -L/lib/../lib64 -L/usr/lib/../lib64 -L/usr/lib/gcc/x86_64-redhat-linux/4.4.4/../../.. CMakeFiles/cmTryCompileExec3675946949.dir/CMakeCXXCompilerABI.cpp.o -lstdc++ -lm -lgcc_s -lgcc -lc -lgcc_s -lgcc /usr/lib/gcc/x86_64-redhat-linux/4.4.4/crtend.o /usr/lib/gcc/x86_64-redhat-linux/4.4.4/../../../../lib64/crtn.o
gmake[1]: Leaving directory `/mnt/share/StreamMedia/src/crtmpserver/trunk-811/trunk/builders/cmake/CMakeFiles/CMakeTmp'


Parsed CXX implicit link information from above output:
  link line regex: [^( *|.*[/\])(ld|ld|collect2)[^/\]*( |$)]
  ignore line: [Change Dir: /mnt/share/StreamMedia/src/crtmpserver/trunk-811/trunk/builders/cmake/CMakeFiles/CMakeTmp]
  ignore line: []
  ignore line: [Run Build Command:/usr/bin/gmake "cmTryCompileExec3675946949/fast"]
  ignore line: [/usr/bin/gmake -f CMakeFiles/cmTryCompileExec3675946949.dir/build.make CMakeFiles/cmTryCompileExec3675946949.dir/build]
  ignore line: [gmake[1]: Entering directory `/mnt/share/StreamMedia/src/crtmpserver/trunk-811/trunk/builders/cmake/CMakeFiles/CMakeTmp']
  ignore line: [/usr/local/bin/cmake -E cmake_progress_report /mnt/share/StreamMedia/src/crtmpserver/trunk-811/trunk/builders/cmake/CMakeFiles/CMakeTmp/CMakeFiles 1]
  ignore line: [Building CXX object CMakeFiles/cmTryCompileExec3675946949.dir/CMakeCXXCompilerABI.cpp.o]
  ignore line: [/usr/bin/c++     -o CMakeFiles/cmTryCompileExec3675946949.dir/CMakeCXXCompilerABI.cpp.o -c /usr/local/share/cmake-2.8/Modules/CMakeCXXCompilerABI.cpp]
  ignore line: [Linking CXX executable cmTryCompileExec3675946949]
  ignore line: [/usr/local/bin/cmake -E cmake_link_script CMakeFiles/cmTryCompileExec3675946949.dir/link.txt --verbose=1]
  ignore line: [/usr/bin/c++        -v CMakeFiles/cmTryCompileExec3675946949.dir/CMakeCXXCompilerABI.cpp.o  -o cmTryCompileExec3675946949 -rdynamic  ]
  ignore line: [使用内建 specs。]
  ignore line: [目标：x86_64-redhat-linux]
  ignore line: [配置为：../configure --prefix=/usr --mandir=/usr/share/man --infodir=/usr/share/info --with-bugurl=http://bugzilla.redhat.com/bugzilla --enable-bootstrap --enable-shared --enable-threads=posix --enable-checking=release --with-system-zlib --enable-__cxa_atexit --disable-libunwind-exceptions --enable-gnu-unique-object --enable-languages=c,c++,objc,obj-c++,java,fortran,ada --enable-java-awt=gtk --disable-dssi --with-java-home=/usr/lib/jvm/java-1.5.0-gcj-1.5.0.0/jre --enable-libgcj-multifile --enable-java-maintainer-mode --with-ecj-jar=/usr/share/java/eclipse-ecj.jar --disable-libjava-multilib --with-ppl --with-cloog --with-tune=generic --with-arch_32=i686 --build=x86_64-redhat-linux]
  ignore line: [线程模型：posix]
  ignore line: [gcc 版本 4.4.4 20100726 (Red Hat 4.4.4-13) (GCC) ]
  ignore line: [COMPILER_PATH=/usr/libexec/gcc/x86_64-redhat-linux/4.4.4/:/usr/libexec/gcc/x86_64-redhat-linux/4.4.4/:/usr/libexec/gcc/x86_64-redhat-linux/:/usr/lib/gcc/x86_64-redhat-linux/4.4.4/:/usr/lib/gcc/x86_64-redhat-linux/:/usr/libexec/gcc/x86_64-redhat-linux/4.4.4/:/usr/libexec/gcc/x86_64-redhat-linux/:/usr/lib/gcc/x86_64-redhat-linux/4.4.4/:/usr/lib/gcc/x86_64-redhat-linux/]
  ignore line: [LIBRARY_PATH=/usr/lib/gcc/x86_64-redhat-linux/4.4.4/:/usr/lib/gcc/x86_64-redhat-linux/4.4.4/:/usr/lib/gcc/x86_64-redhat-linux/4.4.4/../../../../lib64/:/lib/../lib64/:/usr/lib/../lib64/:/usr/lib/gcc/x86_64-redhat-linux/4.4.4/../../../:/lib/:/usr/lib/]
  ignore line: [COLLECT_GCC_OPTIONS='-v' '-o' 'cmTryCompileExec3675946949' '-rdynamic' '-shared-libgcc' '-mtune=generic']
  link line: [ /usr/libexec/gcc/x86_64-redhat-linux/4.4.4/collect2 --eh-frame-hdr --build-id -m elf_x86_64 --hash-style=gnu -export-dynamic -dynamic-linker /lib64/ld-linux-x86-64.so.2 -o cmTryCompileExec3675946949 /usr/lib/gcc/x86_64-redhat-linux/4.4.4/../../../../lib64/crt1.o /usr/lib/gcc/x86_64-redhat-linux/4.4.4/../../../../lib64/crti.o /usr/lib/gcc/x86_64-redhat-linux/4.4.4/crtbegin.o -L/usr/lib/gcc/x86_64-redhat-linux/4.4.4 -L/usr/lib/gcc/x86_64-redhat-linux/4.4.4 -L/usr/lib/gcc/x86_64-redhat-linux/4.4.4/../../../../lib64 -L/lib/../lib64 -L/usr/lib/../lib64 -L/usr/lib/gcc/x86_64-redhat-linux/4.4.4/../../.. CMakeFiles/cmTryCompileExec3675946949.dir/CMakeCXXCompilerABI.cpp.o -lstdc++ -lm -lgcc_s -lgcc -lc -lgcc_s -lgcc /usr/lib/gcc/x86_64-redhat-linux/4.4.4/crtend.o /usr/lib/gcc/x86_64-redhat-linux/4.4.4/../../../../lib64/crtn.o]
    arg [/usr/libexec/gcc/x86_64-redhat-linux/4.4.4/collect2] ==> ignore
    arg [--eh-frame-hdr] ==> ignore
    arg [--build-id] ==> ignore
    arg [-m] ==> ignore
    arg [elf_x86_64] ==> ignore
    arg [--hash-style=gnu] ==> ignore
    arg [-export-dynamic] ==> ignore
    arg [-dynamic-linker] ==> ignore
    arg [/lib64/ld-linux-x86-64.so.2] ==> ignore
    arg [-o] ==> ignore
    arg [cmTryCompileExec3675946949] ==> ignore
    arg [/usr/lib/gcc/x86_64-redhat-linux/4.4.4/../../../../lib64/crt1.o] ==> ignore
    arg [/usr/lib/gcc/x86_64-redhat-linux/4.4.4/../../../../lib64/crti.o] ==> ignore
    arg [/usr/lib/gcc/x86_64-redhat-linux/4.4.4/crtbegin.o] ==> ignore
    arg [-L/usr/lib/gcc/x86_64-redhat-linux/4.4.4] ==> dir [/usr/lib/gcc/x86_64-redhat-linux/4.4.4]
    arg [-L/usr/lib/gcc/x86_64-redhat-linux/4.4.4] ==> dir [/usr/lib/gcc/x86_64-redhat-linux/4.4.4]
    arg [-L/usr/lib/gcc/x86_64-redhat-linux/4.4.4/../../../../lib64] ==> dir [/usr/lib/gcc/x86_64-redhat-linux/4.4.4/../../../../lib64]
    arg [-L/lib/../lib64] ==> dir [/lib/../lib64]
    arg [-L/usr/lib/../lib64] ==> dir [/usr/lib/../lib64]
    arg [-L/usr/lib/gcc/x86_64-redhat-linux/4.4.4/../../..] ==> dir [/usr/lib/gcc/x86_64-redhat-linux/4.4.4/../../..]
    arg [CMakeFiles/cmTryCompileExec3675946949.dir/CMakeCXXCompilerABI.cpp.o] ==> ignore
    arg [-lstdc++] ==> lib [stdc++]
    arg [-lm] ==> lib [m]
    arg [-lgcc_s] ==> lib [gcc_s]
    arg [-lgcc] ==> lib [gcc]
    arg [-lc] ==> lib [c]
    arg [-lgcc_s] ==> lib [gcc_s]
    arg [-lgcc] ==> lib [gcc]
    arg [/usr/lib/gcc/x86_64-redhat-linux/4.4.4/crtend.o] ==> ignore
    arg [/usr/lib/gcc/x86_64-redhat-linux/4.4.4/../../../../lib64/crtn.o] ==> ignore
  remove lib [gcc_s]
  remove lib [gcc]
  remove lib [gcc_s]
  remove lib [gcc]
  collapse dir [/usr/lib/gcc/x86_64-redhat-linux/4.4.4] ==> [/usr/lib/gcc/x86_64-redhat-linux/4.4.4]
  collapse dir [/usr/lib/gcc/x86_64-redhat-linux/4.4.4] ==> [/usr/lib/gcc/x86_64-redhat-linux/4.4.4]
  collapse dir [/usr/lib/gcc/x86_64-redhat-linux/4.4.4/../../../../lib64] ==> [/usr/lib64]
  collapse dir [/lib/../lib64] ==> [/lib64]
  collapse dir [/usr/lib/../lib64] ==> [/usr/lib64]
  collapse dir [/usr/lib/gcc/x86_64-redhat-linux/4.4.4/../../..] ==> [/usr/lib]
  implicit libs: [stdc++;m;c]
  implicit dirs: [/usr/lib/gcc/x86_64-redhat-linux/4.4.4;/usr/lib64;/lib64;/usr/lib]


The target system is: Linux - 2.6.32-71.el6.x86_64 - x86_64
The host system is: Linux - 2.6.32-71.el6.x86_64 - x86_64
Determining if the include file sys/types.h exists passed with the following output:
Change Dir: /mnt/share/StreamMedia/src/crtmpserver/trunk-811/trunk/builders/cmake/CMakeFiles/CMakeTmp

Run Build Command:/usr/bin/gmake "cmTryCompileExec793666614/fast"
/usr/bin/gmake -f CMakeFiles/cmTryCompileExec793666614.dir/build.make CMakeFiles/cmTryCompileExec793666614.dir/build
gmake[1]: Entering directory `/mnt/share/StreamMedia/src/crtmpserver/trunk-811/trunk/builders/cmake/CMakeFiles/CMakeTmp'
/usr/local/bin/cmake -E cmake_progress_report /mnt/share/StreamMedia/src/crtmpserver/trunk-811/trunk/builders/cmake/CMakeFiles/CMakeTmp/CMakeFiles 1
Building C object CMakeFiles/cmTryCompileExec793666614.dir/CheckIncludeFile.c.o
/usr/bin/cc    -o CMakeFiles/cmTryCompileExec793666614.dir/CheckIncludeFile.c.o   -c /mnt/share/StreamMedia/src/crtmpserver/trunk-811/trunk/builders/cmake/CMakeFiles/CMakeTmp/CheckIncludeFile.c
Linking C executable cmTryCompileExec793666614
/usr/local/bin/cmake -E cmake_link_script CMakeFiles/cmTryCompileExec793666614.dir/link.txt --verbose=1
/usr/bin/cc         CMakeFiles/cmTryCompileExec793666614.dir/CheckIncludeFile.c.o  -o cmTryCompileExec793666614 -rdynamic 
gmake[1]: Leaving directory `/mnt/share/StreamMedia/src/crtmpserver/trunk-811/trunk/builders/cmake/CMakeFiles/CMakeTmp'


Determining if the include file stdint.h exists passed with the following output:
Change Dir: /mnt/share/StreamMedia/src/crtmpserver/trunk-811/trunk/builders/cmake/CMakeFiles/CMakeTmp

Run Build Command:/usr/bin/gmake "cmTryCompileExec322684973/fast"
/usr/bin/gmake -f CMakeFiles/cmTryCompileExec322684973.dir/build.make CMakeFiles/cmTryCompileExec322684973.dir/build
gmake[1]: Entering directory `/mnt/share/StreamMedia/src/crtmpserver/trunk-811/trunk/builders/cmake/CMakeFiles/CMakeTmp'
/usr/local/bin/cmake -E cmake_progress_report /mnt/share/StreamMedia/src/crtmpserver/trunk-811/trunk/builders/cmake/CMakeFiles/CMakeTmp/CMakeFiles 1
Building C object CMakeFiles/cmTryCompileExec322684973.dir/CheckIncludeFile.c.o
/usr/bin/cc    -o CMakeFiles/cmTryCompileExec322684973.dir/CheckIncludeFile.c.o   -c /mnt/share/StreamMedia/src/crtmpserver/trunk-811/trunk/builders/cmake/CMakeFiles/CMakeTmp/CheckIncludeFile.c
Linking C executable cmTryCompileExec322684973
/usr/local/bin/cmake -E cmake_link_script CMakeFiles/cmTryCompileExec322684973.dir/link.txt --verbose=1
/usr/bin/cc         CMakeFiles/cmTryCompileExec322684973.dir/CheckIncludeFile.c.o  -o cmTryCompileExec322684973 -rdynamic 
gmake[1]: Leaving directory `/mnt/share/StreamMedia/src/crtmpserver/trunk-811/trunk/builders/cmake/CMakeFiles/CMakeTmp'


Determining if the include file stddef.h exists passed with the following output:
Change Dir: /mnt/share/StreamMedia/src/crtmpserver/trunk-811/trunk/builders/cmake/CMakeFiles/CMakeTmp

Run Build Command:/usr/bin/gmake "cmTryCompileExec403756547/fast"
/usr/bin/gmake -f CMakeFiles/cmTryCompileExec403756547.dir/build.make CMakeFiles/cmTryCompileExec403756547.dir/build
gmake[1]: Entering directory `/mnt/share/StreamMedia/src/crtmpserver/trunk-811/trunk/builders/cmake/CMakeFiles/CMakeTmp'
/usr/local/bin/cmake -E cmake_progress_report /mnt/share/StreamMedia/src/crtmpserver/trunk-811/trunk/builders/cmake/CMakeFiles/CMakeTmp/CMakeFiles 1
Building C object CMakeFiles/cmTryCompileExec403756547.dir/CheckIncludeFile.c.o
/usr/bin/cc    -o CMakeFiles/cmTryCompileExec403756547.dir/CheckIncludeFile.c.o   -c /mnt/share/StreamMedia/src/crtmpserver/trunk-811/trunk/builders/cmake/CMakeFiles/CMakeTmp/CheckIncludeFile.c
Linking C executable cmTryCompileExec403756547
/usr/local/bin/cmake -E cmake_link_script CMakeFiles/cmTryCompileExec403756547.dir/link.txt --verbose=1
/usr/bin/cc         CMakeFiles/cmTryCompileExec403756547.dir/CheckIncludeFile.c.o  -o cmTryCompileExec403756547 -rdynamic 
gmake[1]: Leaving directory `/mnt/share/StreamMedia/src/crtmpserver/trunk-811/trunk/builders/cmake/CMakeFiles/CMakeTmp'


Determining size of unsigned short passed with the following output:
Change Dir: /mnt/share/StreamMedia/src/crtmpserver/trunk-811/trunk/builders/cmake/CMakeFiles/CMakeTmp

Run Build Command:/usr/bin/gmake "cmTryCompileExec2414938679/fast"
/usr/bin/gmake -f CMakeFiles/cmTryCompileExec2414938679.dir/build.make CMakeFiles/cmTryCompileExec2414938679.dir/build
gmake[1]: Entering directory `/mnt/share/StreamMedia/src/crtmpserver/trunk-811/trunk/builders/cmake/CMakeFiles/CMakeTmp'
/usr/local/bin/cmake -E cmake_progress_report /mnt/share/StreamMedia/src/crtmpserver/trunk-811/trunk/builders/cmake/CMakeFiles/CMakeTmp/CMakeFiles 1
Building C object CMakeFiles/cmTryCompileExec2414938679.dir/CMAKE_SIZEOF_UNSIGNED_SHORT.c.o
/usr/bin/cc    -o CMakeFiles/cmTryCompileExec2414938679.dir/CMAKE_SIZEOF_UNSIGNED_SHORT.c.o   -c /mnt/share/StreamMedia/src/crtmpserver/trunk-811/trunk/builders/cmake/CMakeFiles/CheckTypeSize/CMAKE_SIZEOF_UNSIGNED_SHORT.c
Linking C executable cmTryCompileExec2414938679
/usr/local/bin/cmake -E cmake_link_script CMakeFiles/cmTryCompileExec2414938679.dir/link.txt --verbose=1
/usr/bin/cc         CMakeFiles/cmTryCompileExec2414938679.dir/CMAKE_SIZEOF_UNSIGNED_SHORT.c.o  -o cmTryCompileExec2414938679 -rdynamic 
gmake[1]: Leaving directory `/mnt/share/StreamMedia/src/crtmpserver/trunk-811/trunk/builders/cmake/CMakeFiles/CMakeTmp'


